# JRE version: OpenJDK Runtime Environment (8.0_242-b01) (build 1.8.0_242-release-1644-b01)
# Java VM: OpenJDK 64-Bit Server VM (25.242-b01 mixed mode windows-amd64 compressed oops)
Heap:
 PSYoungGen      total 225792K, used 144813K [0x00000000d5580000, 0x00000000e4d00000, 0x0000000100000000)
  eden space 205824K, 62% used [0x00000000d5580000,0x00000000dd320f20,0x00000000e1e80000)
  from space 19968K, 80% used [0x00000000e3300000,0x00000000e42ca648,0x00000000e4680000)
  to   space 20992K, 0% used [0x00000000e1e80000,0x00000000e1e80000,0x00000000e3300000)
 ParOldGen       total 221184K, used 38018K [0x0000000080000000, 0x000000008d800000, 0x00000000d5580000)
  object space 221184K, 17% used [0x0000000080000000,0x0000000082520ba0,0x000000008d800000)
 Metaspace       used 70951K, capacity 74476K, committed 74648K, reserved 1114112K
  class space    used 9714K, capacity 10415K, committed 10416K, reserved 1048576K
GC Heap History (10 events):
Event: 5.489 GC heap before
{Heap before GC invocations=9 (full 2):
 PSYoungGen      total 121856K, used 9529K [0x00000000d5580000, 0x00000000e2180000, 0x0000000100000000)
  eden space 109568K, 0% used [0x00000000d5580000,0x00000000d5580000,0x00000000dc080000)
  from space 12288K, 77% used [0x00000000dc080000,0x00000000dc9ce740,0x00000000dcc80000)
  to   space 12288K, 0% used [0x00000000e1580000,0x00000000e1580000,0x00000000e2180000)
 ParOldGen       total 92672K, used 7281K [0x0000000080000000, 0x0000000085a80000, 0x00000000d5580000)
  object space 92672K, 7% used [0x0000000080000000,0x000000008071c730,0x0000000085a80000)
 Metaspace       used 34511K, capacity 35410K, committed 35496K, reserved 1079296K
  class space    used 4733K, capacity 4974K, committed 5040K, reserved 1048576K
Event: 5.541 GC heap after
Heap after GC invocations=9 (full 2):
 PSYoungGen      total 121856K, used 0K [0x00000000d5580000, 0x00000000e2180000, 0x0000000100000000)
  eden space 109568K, 0% used [0x00000000d5580000,0x00000000d5580000,0x00000000dc080000)
  from space 12288K, 0% used [0x00000000dc080000,0x00000000dc080000,0x00000000dcc80000)
  to   space 12288K, 0% used [0x00000000e1580000,0x00000000e1580000,0x00000000e2180000)
 ParOldGen       total 142336K, used 16022K [0x0000000080000000, 0x0000000088b00000, 0x00000000d5580000)
  object space 142336K, 11% used [0x0000000080000000,0x0000000080fa5a00,0x0000000088b00000)
 Metaspace       used 34511K, capacity 35410K, committed 35496K, reserved 1079296K
  class space    used 4733K, capacity 4974K, committed 5040K, reserved 1048576K
}
Event: 6.957 GC heap before
{Heap before GC invocations=10 (full 2):
 PSYoungGen      total 121856K, used 109568K [0x00000000d5580000, 0x00000000e2180000, 0x0000000100000000)
  eden space 109568K, 100% used [0x00000000d5580000,0x00000000dc080000,0x00000000dc080000)
  from space 12288K, 0% used [0x00000000dc080000,0x00000000dc080000,0x00000000dcc80000)
  to   space 12288K, 0% used [0x00000000e1580000,0x00000000e1580000,0x00000000e2180000)
 ParOldGen       total 142336K, used 16022K [0x0000000080000000, 0x0000000088b00000, 0x00000000d5580000)
  object space 142336K, 11% used [0x0000000080000000,0x0000000080fa5a00,0x0000000088b00000)
 Metaspace       used 43662K, capacity 45216K, committed 45480K, reserved 1089536K
  class space    used 5941K, capacity 6290K, committed 6320K, reserved 1048576K
Event: 6.971 GC heap after
Heap after GC invocations=10 (full 2):
 PSYoungGen      total 174592K, used 12268K [0x00000000d5580000, 0x00000000e2180000, 0x0000000100000000)
  eden space 162304K, 0% used [0x00000000d5580000,0x00000000d5580000,0x00000000df400000)
  from space 12288K, 99% used [0x00000000e1580000,0x00000000e217b308,0x00000000e2180000)
  to   space 13824K, 0% used [0x00000000e0680000,0x00000000e0680000,0x00000000e1400000)
 ParOldGen       total 142336K, used 16553K [0x0000000080000000, 0x0000000088b00000, 0x00000000d5580000)
  object space 142336K, 11% used [0x0000000080000000,0x000000008102a768,0x0000000088b00000)
 Metaspace       used 43662K, capacity 45216K, committed 45480K, reserved 1089536K
  class space    used 5941K, capacity 6290K, committed 6320K, reserved 1048576K
}
Event: 8.973 GC heap before
{Heap before GC invocations=11 (full 2):
 PSYoungGen      total 174592K, used 174572K [0x00000000d5580000, 0x00000000e2180000, 0x0000000100000000)
  eden space 162304K, 100% used [0x00000000d5580000,0x00000000df400000,0x00000000df400000)
  from space 12288K, 99% used [0x00000000e1580000,0x00000000e217b308,0x00000000e2180000)
  to   space 13824K, 0% used [0x00000000e0680000,0x00000000e0680000,0x00000000e1400000)
 ParOldGen       total 142336K, used 16553K [0x0000000080000000, 0x0000000088b00000, 0x00000000d5580000)
  object space 142336K, 11% used [0x0000000080000000,0x000000008102a768,0x0000000088b00000)
 Metaspace       used 56995K, capacity 59098K, committed 59160K, reserved 1099776K
  class space    used 7733K, capacity 8228K, committed 8240K, reserved 1048576K
Event: 8.996 GC heap after
Heap after GC invocations=11 (full 2):
 PSYoungGen      total 195072K, used 13796K [0x00000000d5580000, 0x00000000e4680000, 0x0000000100000000)
  eden space 181248K, 0% used [0x00000000d5580000,0x00000000d5580000,0x00000000e0680000)
  from space 13824K, 99% used [0x00000000e0680000,0x00000000e13f9310,0x00000000e1400000)
  to   space 19968K, 0% used [0x00000000e3300000,0x00000000e3300000,0x00000000e4680000)
 ParOldGen       total 142336K, used 28460K [0x0000000080000000, 0x0000000088b00000, 0x00000000d5580000)
  object space 142336K, 19% used [0x0000000080000000,0x0000000081bcb000,0x0000000088b00000)
 Metaspace       used 56995K, capacity 59098K, committed 59160K, reserved 1099776K
  class space    used 7733K, capacity 8228K, committed 8240K, reserved 1048576K
}
Event: 8.996 GC heap before
{Heap before GC invocations=12 (full 3):
 PSYoungGen      total 195072K, used 13796K [0x00000000d5580000, 0x00000000e4680000, 0x0000000100000000)
  eden space 181248K, 0% used [0x00000000d5580000,0x00000000d5580000,0x00000000e0680000)
  from space 13824K, 99% used [0x00000000e0680000,0x00000000e13f9310,0x00000000e1400000)
  to   space 19968K, 0% used [0x00000000e3300000,0x00000000e3300000,0x00000000e4680000)
 ParOldGen       total 142336K, used 28460K [0x0000000080000000, 0x0000000088b00000, 0x00000000d5580000)
  object space 142336K, 19% used [0x0000000080000000,0x0000000081bcb000,0x0000000088b00000)
 Metaspace       used 56995K, capacity 59098K, committed 59160K, reserved 1099776K
  class space    used 7733K, capacity 8228K, committed 8240K, reserved 1048576K
Event: 9.259 GC heap after
Heap after GC invocations=12 (full 3):
 PSYoungGen      total 195072K, used 0K [0x00000000d5580000, 0x00000000e4680000, 0x0000000100000000)
  eden space 181248K, 0% used [0x00000000d5580000,0x00000000d5580000,0x00000000e0680000)
  from space 13824K, 0% used [0x00000000e0680000,0x00000000e0680000,0x00000000e1400000)
  to   space 19968K, 0% used [0x00000000e3300000,0x00000000e3300000,0x00000000e4680000)
 ParOldGen       total 221184K, used 38010K [0x0000000080000000, 0x000000008d800000, 0x00000000d5580000)
  object space 221184K, 17% used [0x0000000080000000,0x000000008251eba0,0x000000008d800000)
 Metaspace       used 56956K, capacity 58966K, committed 59160K, reserved 1099776K
  class space    used 7721K, capacity 8206K, committed 8240K, reserved 1048576K
}
Event: 11.346 GC heap before
{Heap before GC invocations=13 (full 3):
 PSYoungGen      total 195072K, used 181248K [0x00000000d5580000, 0x00000000e4680000, 0x0000000100000000)
  eden space 181248K, 100% used [0x00000000d5580000,0x00000000e0680000,0x00000000e0680000)
  from space 13824K, 0% used [0x00000000e0680000,0x00000000e0680000,0x00000000e1400000)
  to   space 19968K, 0% used [0x00000000e3300000,0x00000000e3300000,0x00000000e4680000)
 ParOldGen       total 221184K, used 38010K [0x0000000080000000, 0x000000008d800000, 0x00000000d5580000)
  object space 221184K, 17% used [0x0000000080000000,0x000000008251eba0,0x000000008d800000)
 Metaspace       used 64716K, capacity 68044K, committed 68248K, reserved 1107968K
  class space    used 8924K, capacity 9581K, committed 9648K, reserved 1048576K
Event: 11.363 GC heap after
Heap after GC invocations=13 (full 3):
 PSYoungGen      total 225792K, used 16169K [0x00000000d5580000, 0x00000000e4d00000, 0x0000000100000000)
  eden space 205824K, 0% used [0x00000000d5580000,0x00000000d5580000,0x00000000e1e80000)
  from space 19968K, 80% used [0x00000000e3300000,0x00000000e42ca648,0x00000000e4680000)
  to   space 20992K, 0% used [0x00000000e1e80000,0x00000000e1e80000,0x00000000e3300000)
 ParOldGen       total 221184K, used 38018K [0x0000000080000000, 0x000000008d800000, 0x00000000d5580000)
  object space 221184K, 17% used [0x0000000080000000,0x0000000082520ba0,0x000000008d800000)
 Metaspace       used 64716K, capacity 68044K, committed 68248K, reserved 1107968K
  class space    used 8924K, capacity 9581K, committed 9648K, reserved 1048576K
}

