# JRE version: OpenJDK Runtime Environment (8.0_242-b01) (build 1.8.0_242-release-1644-b01)
# Java VM: OpenJDK 64-Bit Server VM (25.242-b01 mixed mode windows-amd64 compressed oops)
Heap:
 PSYoungGen      total 224768K, used 192750K [0x00000000d5580000, 0x00000000ea800000, 0x0000000100000000)
  eden space 205312K, 84% used [0x00000000d5580000,0x00000000dff698a8,0x00000000e1e00000)
  from space 19456K, 96% used [0x00000000e1e00000,0x00000000e3051fe0,0x00000000e3100000)
  to   space 21504K, 0% used [0x00000000e9300000,0x00000000e9300000,0x00000000ea800000)
 ParOldGen       total 179712K, used 36179K [0x0000000080000000, 0x000000008af80000, 0x00000000d5580000)
  object space 179712K, 20% used [0x0000000080000000,0x0000000082354dc0,0x000000008af80000)
 Metaspace       used 79682K, capacity 84768K, committed 84888K, reserved 1122304K
  class space    used 11225K, capacity 12117K, committed 12200K, reserved 1048576K
GC Heap History (10 events):
Event: 7.186 GC heap before
{Heap before GC invocations=10 (full 2):
 PSYoungGen      total 124416K, used 112128K [0x00000000d5580000, 0x00000000e2780000, 0x0000000100000000)
  eden space 112128K, 100% used [0x00000000d5580000,0x00000000dc300000,0x00000000dc300000)
  from space 12288K, 0% used [0x00000000dc300000,0x00000000dc300000,0x00000000dcf00000)
  to   space 11776K, 0% used [0x00000000e1c00000,0x00000000e1c00000,0x00000000e2780000)
 ParOldGen       total 140800K, used 15988K [0x0000000080000000, 0x0000000088980000, 0x00000000d5580000)
  object space 140800K, 11% used [0x0000000080000000,0x0000000080f9d300,0x0000000088980000)
 Metaspace       used 44352K, capacity 45868K, committed 46120K, reserved 1089536K
  class space    used 5999K, capacity 6338K, committed 6440K, reserved 1048576K
Event: 7.200 GC heap after
Heap after GC invocations=10 (full 2):
 PSYoungGen      total 174592K, used 11772K [0x00000000d5580000, 0x00000000e2780000, 0x0000000100000000)
  eden space 162816K, 0% used [0x00000000d5580000,0x00000000d5580000,0x00000000df480000)
  from space 11776K, 99% used [0x00000000e1c00000,0x00000000e277f2d0,0x00000000e2780000)
  to   space 13312K, 0% used [0x00000000e0d80000,0x00000000e0d80000,0x00000000e1a80000)
 ParOldGen       total 140800K, used 17135K [0x0000000080000000, 0x0000000088980000, 0x00000000d5580000)
  object space 140800K, 12% used [0x0000000080000000,0x00000000810bbf10,0x0000000088980000)
 Metaspace       used 44352K, capacity 45868K, committed 46120K, reserved 1089536K
  class space    used 5999K, capacity 6338K, committed 6440K, reserved 1048576K
}
Event: 9.132 GC heap before
{Heap before GC invocations=11 (full 2):
 PSYoungGen      total 174592K, used 174588K [0x00000000d5580000, 0x00000000e2780000, 0x0000000100000000)
  eden space 162816K, 100% used [0x00000000d5580000,0x00000000df480000,0x00000000df480000)
  from space 11776K, 99% used [0x00000000e1c00000,0x00000000e277f2d0,0x00000000e2780000)
  to   space 13312K, 0% used [0x00000000e0d80000,0x00000000e0d80000,0x00000000e1a80000)
 ParOldGen       total 140800K, used 17135K [0x0000000080000000, 0x0000000088980000, 0x00000000d5580000)
  object space 140800K, 12% used [0x0000000080000000,0x00000000810bbf10,0x0000000088980000)
 Metaspace       used 56882K, capacity 58982K, committed 59160K, reserved 1099776K
  class space    used 7723K, capacity 8210K, committed 8232K, reserved 1048576K
Event: 9.158 GC heap after
Heap after GC invocations=11 (full 2):
 PSYoungGen      total 201728K, used 13284K [0x00000000d5580000, 0x00000000e4400000, 0x0000000100000000)
  eden space 188416K, 0% used [0x00000000d5580000,0x00000000d5580000,0x00000000e0d80000)
  from space 13312K, 99% used [0x00000000e0d80000,0x00000000e1a79310,0x00000000e1a80000)
  to   space 19456K, 0% used [0x00000000e3100000,0x00000000e3100000,0x00000000e4400000)
 ParOldGen       total 140800K, used 29504K [0x0000000080000000, 0x0000000088980000, 0x00000000d5580000)
  object space 140800K, 20% used [0x0000000080000000,0x0000000081cd0130,0x0000000088980000)
 Metaspace       used 56882K, capacity 58982K, committed 59160K, reserved 1099776K
  class space    used 7723K, capacity 8210K, committed 8232K, reserved 1048576K
}
Event: 9.161 GC heap before
{Heap before GC invocations=12 (full 2):
 PSYoungGen      total 201728K, used 17541K [0x00000000d5580000, 0x00000000e4400000, 0x0000000100000000)
  eden space 188416K, 2% used [0x00000000d5580000,0x00000000d59a83f0,0x00000000e0d80000)
  from space 13312K, 99% used [0x00000000e0d80000,0x00000000e1a79310,0x00000000e1a80000)
  to   space 19456K, 0% used [0x00000000e3100000,0x00000000e3100000,0x00000000e4400000)
 ParOldGen       total 140800K, used 29504K [0x0000000080000000, 0x0000000088980000, 0x00000000d5580000)
  object space 140800K, 20% used [0x0000000080000000,0x0000000081cd0130,0x0000000088980000)
 Metaspace       used 56886K, capacity 58982K, committed 59160K, reserved 1099776K
  class space    used 7723K, capacity 8210K, committed 8232K, reserved 1048576K
Event: 9.173 GC heap after
Heap after GC invocations=12 (full 2):
 PSYoungGen      total 224768K, used 8100K [0x00000000d5580000, 0x00000000e9800000, 0x0000000100000000)
  eden space 205312K, 0% used [0x00000000d5580000,0x00000000d5580000,0x00000000e1e00000)
  from space 19456K, 41% used [0x00000000e3100000,0x00000000e38e92e0,0x00000000e4400000)
  to   space 19456K, 0% used [0x00000000e1e00000,0x00000000e1e00000,0x00000000e3100000)
 ParOldGen       total 140800K, used 34889K [0x0000000080000000, 0x0000000088980000, 0x00000000d5580000)
  object space 140800K, 24% used [0x0000000080000000,0x00000000822126e8,0x0000000088980000)
 Metaspace       used 56886K, capacity 58982K, committed 59160K, reserved 1099776K
  class space    used 7723K, capacity 8210K, committed 8232K, reserved 1048576K
}
Event: 9.173 GC heap before
{Heap before GC invocations=13 (full 3):
 PSYoungGen      total 224768K, used 8100K [0x00000000d5580000, 0x00000000e9800000, 0x0000000100000000)
  eden space 205312K, 0% used [0x00000000d5580000,0x00000000d5580000,0x00000000e1e00000)
  from space 19456K, 41% used [0x00000000e3100000,0x00000000e38e92e0,0x00000000e4400000)
  to   space 19456K, 0% used [0x00000000e1e00000,0x00000000e1e00000,0x00000000e3100000)
 ParOldGen       total 140800K, used 34889K [0x0000000080000000, 0x0000000088980000, 0x00000000d5580000)
  object space 140800K, 24% used [0x0000000080000000,0x00000000822126e8,0x0000000088980000)
 Metaspace       used 56886K, capacity 58982K, committed 59160K, reserved 1099776K
  class space    used 7723K, capacity 8210K, committed 8232K, reserved 1048576K
Event: 9.461 GC heap after
Heap after GC invocations=13 (full 3):
 PSYoungGen      total 224768K, used 0K [0x00000000d5580000, 0x00000000e9800000, 0x0000000100000000)
  eden space 205312K, 0% used [0x00000000d5580000,0x00000000d5580000,0x00000000e1e00000)
  from space 19456K, 0% used [0x00000000e3100000,0x00000000e3100000,0x00000000e4400000)
  to   space 19456K, 0% used [0x00000000e1e00000,0x00000000e1e00000,0x00000000e3100000)
 ParOldGen       total 179712K, used 36171K [0x0000000080000000, 0x000000008af80000, 0x00000000d5580000)
  object space 179712K, 20% used [0x0000000080000000,0x0000000082352dc0,0x000000008af80000)
 Metaspace       used 56852K, capacity 58868K, committed 59160K, reserved 1099776K
  class space    used 7713K, capacity 8191K, committed 8232K, reserved 1048576K
}
Event: 11.497 GC heap before
{Heap before GC invocations=14 (full 3):
 PSYoungGen      total 224768K, used 205312K [0x00000000d5580000, 0x00000000e9800000, 0x0000000100000000)
  eden space 205312K, 100% used [0x00000000d5580000,0x00000000e1e00000,0x00000000e1e00000)
  from space 19456K, 0% used [0x00000000e3100000,0x00000000e3100000,0x00000000e4400000)
  to   space 19456K, 0% used [0x00000000e1e00000,0x00000000e1e00000,0x00000000e3100000)
 ParOldGen       total 179712K, used 36171K [0x0000000080000000, 0x000000008af80000, 0x00000000d5580000)
  object space 179712K, 20% used [0x0000000080000000,0x0000000082352dc0,0x000000008af80000)
 Metaspace       used 66056K, capacity 69544K, committed 69784K, reserved 1110016K
  class space    used 9146K, capacity 9817K, committed 9896K, reserved 1048576K
Event: 11.513 GC heap after
Heap after GC invocations=14 (full 3):
 PSYoungGen      total 224768K, used 18759K [0x00000000d5580000, 0x00000000ea800000, 0x0000000100000000)
  eden space 205312K, 0% used [0x00000000d5580000,0x00000000d5580000,0x00000000e1e00000)
  from space 19456K, 96% used [0x00000000e1e00000,0x00000000e3051fe0,0x00000000e3100000)
  to   space 21504K, 0% used [0x00000000e9300000,0x00000000e9300000,0x00000000ea800000)
 ParOldGen       total 179712K, used 36179K [0x0000000080000000, 0x000000008af80000, 0x00000000d5580000)
  object space 179712K, 20% used [0x0000000080000000,0x0000000082354dc0,0x000000008af80000)
 Metaspace       used 66056K, capacity 69544K, committed 69784K, reserved 1110016K
  class space    used 9146K, capacity 9817K, committed 9896K, reserved 1048576K
}

